kotlin version: 2.0.21
error message: org.jetbrains.kotlin.backend.common.BackendException: Backend Internal error: Exception during IR lowering
File being compiled: /Users/hae/AndroidStudioProjects/HaerulMuttaqin/features/todo_list/todo_list_presentation/src/main/java/id/haeworks/todo_list_presentation/ListScreen.kt
The root cause java.lang.RuntimeException was thrown at: org.jetbrains.kotlin.backend.jvm.codegen.FunctionCodegen.generate(FunctionCodegen.kt:47)
	at org.jetbrains.kotlin.backend.common.CodegenUtil.reportBackendException(CodegenUtil.kt:253)
	at org.jetbrains.kotlin.backend.common.CodegenUtil.reportBackendException$default(CodegenUtil.kt:236)
	at org.jetbrains.kotlin.backend.common.phaser.PerformByIrFilePhase.invokeSequential(performByIrFile.kt:65)
	at org.jetbrains.kotlin.backend.common.phaser.PerformByIrFilePhase.invoke(performByIrFile.kt:52)
	at org.jetbrains.kotlin.backend.common.phaser.PerformByIrFilePhase.invoke(performByIrFile.kt:38)
	at org.jetbrains.kotlin.backend.common.phaser.NamedCompilerPhase.phaseBody(CompilerPhase.kt:166)
	at org.jetbrains.kotlin.backend.common.phaser.AbstractNamedCompilerPhase.invoke(CompilerPhase.kt:113)
	at org.jetbrains.kotlin.backend.common.phaser.CompositePhase.invoke(PhaseBuilders.kt:27)
	at org.jetbrains.kotlin.backend.common.phaser.CompositePhase.invoke(PhaseBuilders.kt:14)
	at org.jetbrains.kotlin.backend.common.phaser.NamedCompilerPhase.phaseBody(CompilerPhase.kt:166)
	at org.jetbrains.kotlin.backend.common.phaser.AbstractNamedCompilerPhase.invoke(CompilerPhase.kt:113)
	at org.jetbrains.kotlin.backend.common.phaser.CompilerPhaseKt.invokeToplevel(CompilerPhase.kt:62)
	at org.jetbrains.kotlin.backend.jvm.JvmIrCodegenFactory.invokeCodegen(JvmIrCodegenFactory.kt:371)
	at org.jetbrains.kotlin.codegen.CodegenFactory.generateModule(CodegenFactory.kt:47)
	at org.jetbrains.kotlin.backend.jvm.JvmIrCodegenFactory.generateModuleInFrontendIRMode(JvmIrCodegenFactory.kt:433)
	at org.jetbrains.kotlin.cli.jvm.compiler.pipeline.JvmCompilerPipelineKt.generateCodeFromIr(jvmCompilerPipeline.kt:246)
	at org.jetbrains.kotlin.cli.jvm.compiler.pipeline.JvmCompilerPipelineKt.compileModulesUsingFrontendIrAndLightTree(jvmCompilerPipeline.kt:142)
	at org.jetbrains.kotlin.cli.jvm.K2JVMCompiler.doExecute(K2JVMCompiler.kt:148)
	at org.jetbrains.kotlin.cli.jvm.K2JVMCompiler.doExecute(K2JVMCompiler.kt:43)
	at org.jetbrains.kotlin.cli.common.CLICompiler.execImpl(CLICompiler.kt:103)
	at org.jetbrains.kotlin.cli.common.CLICompiler.execImpl(CLICompiler.kt:49)
	at org.jetbrains.kotlin.cli.common.CLITool.exec(CLITool.kt:101)
	at org.jetbrains.kotlin.incremental.IncrementalJvmCompilerRunner.runCompiler(IncrementalJvmCompilerRunner.kt:464)
	at org.jetbrains.kotlin.incremental.IncrementalJvmCompilerRunner.runCompiler(IncrementalJvmCompilerRunner.kt:73)
	at org.jetbrains.kotlin.incremental.IncrementalCompilerRunner.doCompile(IncrementalCompilerRunner.kt:506)
	at org.jetbrains.kotlin.incremental.IncrementalCompilerRunner.compileImpl(IncrementalCompilerRunner.kt:423)
	at org.jetbrains.kotlin.incremental.IncrementalCompilerRunner.tryCompileIncrementally$lambda$9$compile(IncrementalCompilerRunner.kt:249)
	at org.jetbrains.kotlin.incremental.IncrementalCompilerRunner.tryCompileIncrementally(IncrementalCompilerRunner.kt:267)
	at org.jetbrains.kotlin.incremental.IncrementalCompilerRunner.compile(IncrementalCompilerRunner.kt:120)
	at org.jetbrains.kotlin.daemon.CompileServiceImplBase.execIncrementalCompiler(CompileServiceImpl.kt:675)
	at org.jetbrains.kotlin.daemon.CompileServiceImplBase.access$execIncrementalCompiler(CompileServiceImpl.kt:92)
	at org.jetbrains.kotlin.daemon.CompileServiceImpl.compile(CompileServiceImpl.kt:1660)
	at java.base/jdk.internal.reflect.DirectMethodHandleAccessor.invoke(Unknown Source)
	at java.base/java.lang.reflect.Method.invoke(Unknown Source)
	at java.rmi/sun.rmi.server.UnicastServerRef.dispatch(Unknown Source)
	at java.rmi/sun.rmi.transport.Transport$1.run(Unknown Source)
	at java.rmi/sun.rmi.transport.Transport$1.run(Unknown Source)
	at java.base/java.security.AccessController.doPrivileged(Unknown Source)
	at java.rmi/sun.rmi.transport.Transport.serviceCall(Unknown Source)
	at java.rmi/sun.rmi.transport.tcp.TCPTransport.handleMessages(Unknown Source)
	at java.rmi/sun.rmi.transport.tcp.TCPTransport$ConnectionHandler.run0(Unknown Source)
	at java.rmi/sun.rmi.transport.tcp.TCPTransport$ConnectionHandler.lambda$run$0(Unknown Source)
	at java.base/java.security.AccessController.doPrivileged(Unknown Source)
	at java.rmi/sun.rmi.transport.tcp.TCPTransport$ConnectionHandler.run(Unknown Source)
	at java.base/java.util.concurrent.ThreadPoolExecutor.runWorker(Unknown Source)
	at java.base/java.util.concurrent.ThreadPoolExecutor$Worker.run(Unknown Source)
	at java.base/java.lang.Thread.run(Unknown Source)
Caused by: java.lang.RuntimeException: Exception while generating code for:
FUN name:ListScreen visibility:public modality:FINAL <> (navHostController:androidx.navigation.NavHostController, state:id.haeworks.todo_list_presentation.ListState, onEvent:kotlin.Function1<id.haeworks.todo_list_presentation.ListEvent, kotlin.Unit>, onMenuClicked:kotlin.Function0<kotlin.Unit>) returnType:kotlin.Unit
  annotations:
    OptIn(markerClass = [CLASS_REFERENCE 'CLASS IR_EXTERNAL_DECLARATION_STUB ANNOTATION_CLASS name:ExperimentalMaterial3Api modality:OPEN visibility:public superTypes:[kotlin.Annotation]' type=kotlin.reflect.KClass<androidx.compose.material3.ExperimentalMaterial3Api>])
    Composable
  VALUE_PARAMETER name:navHostController index:0 type:androidx.navigation.NavHostController
  VALUE_PARAMETER name:state index:1 type:id.haeworks.todo_list_presentation.ListState
  VALUE_PARAMETER name:onEvent index:2 type:kotlin.Function1<id.haeworks.todo_list_presentation.ListEvent, kotlin.Unit>
  VALUE_PARAMETER name:onMenuClicked index:3 type:kotlin.Function0<kotlin.Unit>
  BLOCK_BODY
    VAR name:snackbarState type:androidx.compose.material3.SnackbarHostState [val]
      CALL 'public final fun remember <T> (calculation: @[DisallowComposableCalls] kotlin.Function0<T of androidx.compose.runtime.ComposablesKt.remember>): T of androidx.compose.runtime.ComposablesKt.remember [inline] declared in androidx.compose.runtime.ComposablesKt' type=androidx.compose.material3.SnackbarHostState origin=null
        <T>: androidx.compose.material3.SnackbarHostState
        calculation: BLOCK type=kotlin.Function0<androidx.compose.material3.SnackbarHostState> origin=LAMBDA
          COMPOSITE type=kotlin.Unit origin=null
          FUNCTION_REFERENCE 'private final fun ListScreen$lambda$0 (): androidx.compose.material3.SnackbarHostState declared in id.haeworks.todo_list_presentation.ListScreenKt' type=kotlin.Function0<androidx.compose.material3.SnackbarHostState> origin=INLINE_LAMBDA reflectionTarget=null
    VAR name:context type:android.content.Context [val]
      CALL 'public final fun <get-current> (): T of androidx.compose.runtime.CompositionLocal [inline] declared in androidx.compose.runtime.CompositionLocal' type=android.content.Context origin=GET_PROPERTY
        $this: TYPE_OP type=androidx.compose.runtime.CompositionLocal<T of androidx.compose.runtime.CompositionLocal> origin=IMPLICIT_CAST typeOperand=androidx.compose.runtime.CompositionLocal<T of androidx.compose.runtime.CompositionLocal>
          CALL 'public final fun <get-LocalContext> (): androidx.compose.runtime.ProvidableCompositionLocal<android.content.Context> declared in androidx.compose.ui.platform.AndroidCompositionLocals_androidKt' type=androidx.compose.runtime.ProvidableCompositionLocal<android.content.Context> origin=GET_PROPERTY
    VAR name:scrollState type:androidx.compose.foundation.ScrollState [val]
      CALL 'public final fun rememberScrollState$default (initial: kotlin.Int, $mask0: kotlin.Int, $handler: kotlin.Any?): androidx.compose.foundation.ScrollState declared in androidx.compose.foundation.ScrollKt' type=androidx.compose.foundation.ScrollState origin=DEFAULT_DISPATCH_CALL
        initial: COMPOSITE type=kotlin.Int origin=DEFAULT_VALUE
          CONST Int type=kotlin.Int value=0
        $mask0: CONST Int type=kotlin.Int value=1
        $handler: CONST Null type=kotlin.Any? value=null
    VAR name:view type:android.view.View [val]
      CALL 'public final fun <get-current> (): T of androidx.compose.runtime.CompositionLocal [inline] declared in androidx.compose.runtime.CompositionLocal' type=android.view.View origin=GET_PROPERTY
        $this: TYPE_OP type=androidx.compose.runtime.CompositionLocal<T of androidx.compose.runtime.CompositionLocal> origin=IMPLICIT_CAST typeOperand=androidx.compose.runtime.CompositionLocal<T of androidx.compose.runtime.CompositionLocal>
          CALL 'public final fun <get-LocalView> (): androidx.compose.runtime.ProvidableCompositionLocal<android.view.View> declared in androidx.compose.ui.platform.AndroidCompositionLocals_androidKt' type=androidx.compose.runtime.ProvidableCompositionLocal<android.view.View> origin=GET_PROPERTY
    CALL 'public final fun LaunchedEffect (key1: kotlin.Any?, block: @[ExtensionFunctionType] kotlin.coroutines.SuspendFunction1<kotlinx.coroutines.CoroutineScope, kotlin.Unit>): kotlin.Unit declared in androidx.compose.runtime.EffectsKt' type=kotlin.Unit origin=null
      key1: CALL 'public final fun <get-snackbar> (): id.haeworks.core.model.SnackbarState declared in id.haeworks.todo_list_presentation.ListState' type=id.haeworks.core.model.SnackbarState origin=GET_PROPERTY
        $this: GET_VAR 'state: id.haeworks.todo_list_presentation.ListState declared in id.haeworks.todo_list_presentation.ListScreenKt.ListScreen' type=id.haeworks.todo_list_presentation.ListState origin=null
      block: BLOCK type=id.haeworks.todo_list_presentation.ListScreenKt.ListScreen.<no name provided> origin=null
        CLASS SUSPEND_LAMBDA CLASS name:<no name provided> modality:FINAL visibility:public/*package*/ superTypes:[kotlin.coroutines.jvm.internal.SuspendLambda; kotlin.jvm.functions.Function2<kotlinx.coroutines.CoroutineScope, kotlin.coroutines.Continuation<kotlin.Unit>?, kotlin.Any?>]
          $this: VALUE_PARAMETER INSTANCE_RECEIVER name:<this> type:id.haeworks.todo_list_presentation.ListScreenKt.ListScreen.<no name provided>
          FIELD name:label type:kotlin.Int visibility:public/*package*/
          CONSTRUCTOR SUSPEND_LAMBDA visibility:public/*package*/ <> ($state:id.haeworks.todo_list_presentation.ListState, $onEvent:kotlin.Function1<id.haeworks.todo_list_presentation.ListEvent, kotlin.Unit>, $snackbarState:androidx.compose.material3.SnackbarHostState, $context:android.content.Context, $completion:kotlin.coroutines.Continuation<id.haeworks.todo_list_presentation.ListScreenKt.ListScreen.<no name provided>>?) returnType:id.haeworks.todo_list_presentation.ListScreenKt.ListScreen.<no name provided> [primary]
            VALUE_PARAMETER BOUND_VALUE_PARAMETER name:$state index:0 type:id.haeworks.todo_list_presentation.ListState
            VALUE_PARAMETER BOUND_VALUE_PARAMETER name:$onEvent index:1 type:kotlin.Function1<id.haeworks.todo_list_presentation.ListEvent, kotlin.Unit>
            VALUE_PARAMETER BOUND_VALUE_PARAMETER name:$snackbarState index:2 type:androidx.compose.material3.SnackbarHostState
            VALUE_PARAMETER BOUND_VALUE_PARAMETER name:$context index:3 type:android.content.Context
            VALUE_PARAMETER name:$completion index:4 type:kotlin.coroutines.Continuation<id.haeworks.todo_list_presentation.ListScreenKt.ListScreen.<no name provided>>?
            BLOCK_BODY
              SET_FIELD 'FIELD FIELD_FOR_CAPTURED_VALUE name:$state type:id.haeworks.todo_list_presentation.ListState visibility:public/*package*/ [final] declared in id.haeworks.todo_list_presentation.ListScreenKt.ListScreen.<no name provided>' type=kotlin.Unit origin=INITIALIZER_OF_FIELD_FOR_CAPTURED_VALUE
                receiver: GET_VAR '<this>: id.haeworks.todo_list_presentation.ListScreenKt.ListScreen.<no name provided> declared in id.haeworks.todo_list_presentation.ListScreenKt.ListScreen.<no name provided>' type=id.haeworks.todo_list_presentation.ListScreenKt.ListScreen.<no name provided> origin=null
                value: GET_VAR '$state: id.haeworks.todo_list_presentation.ListState declared in id.haeworks.todo_list_presentation.ListScreenKt.ListScreen.<no name provided>.<init>' type=id.haeworks.todo_list_presentation.ListState origin=null
              SET_FIELD 'FIELD FIELD_FOR_CAPTURED_VALUE name:$onEvent type:kotlin.Function1<id.haeworks.todo_list_presentation.ListEvent, kotlin.Unit> visibility:public/*package*/ [final] declared in id.haeworks.todo_list_presentation.ListScreenKt.ListScreen.<no name provided>' type=kotlin.Unit origin=INITIALIZER_OF_FIELD_FOR_CAPTURED_VALUE
                receiver: GET_VAR '<this>: id.haeworks.todo_list_presentation.ListScreenKt.ListScreen.<no name provided> declared in id.haeworks.todo_list_presentation.ListScreenKt.ListScreen.<no name provided>' type=id.haeworks.todo_list_presentation.ListScreenKt.ListScreen.<no name provided> origin=null
                value: GET_VAR '$onEvent: kotlin.Function1<id.haeworks.todo_list_presentation.ListEvent, kotlin.Unit> declared in id.haeworks.todo_list_presentation.ListScreenKt.ListScreen.<no name provided>.<init>' type=kotlin.Function1<id.haeworks.todo_list_presentation.ListEvent, kotlin.Unit> origin=null
              SET_FIELD 'FIELD FIELD_FOR_CAPTURED_VALUE name:$snackbarState type:androidx.compose.material3.SnackbarHostState visibility:public/*package*/ [final] declared in id.haeworks.todo_list_presentation.ListScreenKt.ListScreen.<no name provided>' type=kotlin.Unit origin=INITIALIZER_OF_FIELD_FOR_CAPTURED_VALUE
                receiver: GET_VAR '<this>: id.haeworks.todo_list_presentation.ListScreenKt.ListScreen.<no name provided> declared in id.haeworks.todo_list_presentation.ListScreenKt.ListScreen.<no name provided>' type=id.haeworks.todo_list_presentation.ListScreenKt.ListScreen.<no name provided> origin=null
                value: GET_VAR '$snackbarState: androidx.compose.material3.SnackbarHostState declared in id.haeworks.todo_list_presentation.ListScreenKt.ListScreen.<no name provided>.<init>' type=androidx.compose.material3.SnackbarHostState origin=null
              SET_FIELD 'FIELD FIELD_FOR_CAPTURED_VALUE name:$context type:android.content.Context visibility:public/*package*/ [final] declared in id.haeworks.todo_list_presentation.ListScreenKt.ListScreen.<no name provided>' type=kotlin.Unit origin=INITIALIZER_OF_FIELD_FOR_CAPTURED_VALUE
                receiver: GET_VAR '<this>: id.haeworks.todo_list_presentation.ListScreenKt.ListScreen.<no name provided> declared in id.haeworks.todo_list_presentation.ListScreenKt.ListScreen.<no name provided>' type=id.haeworks.todo_list_presentation.ListScreenKt.ListScreen.<no name provided> origin=null
                value: GET_VAR '$context: android.content.Context declared in id.haeworks.todo_list_presentation.ListScreenKt.ListScreen.<no name provided>.<init>' type=android.content.Context origin=null
              DELEGATING_CONSTRUCTOR_CALL 'public constructor <init> (arity: kotlin.Int, $completion: kotlin.coroutines.Continuation<kotlin.Any?>?) declared in kotlin.coroutines.jvm.internal.SuspendLambda'
                arity: CONST Int type=kotlin.Int value=2
                $completion: GET_VAR '$completion: kotlin.coroutines.Continuation<id.haeworks.todo_list_presentation.ListScreenKt.ListScreen.<no name provided>>? declared in id.haeworks.todo_list_presentation.ListScreenKt.ListScreen.<no name provided>.<init>' type=kotlin.coroutines.Continuation<id.haeworks.todo_list_presentation.ListScreenKt.ListScreen.<no name provided>>? origin=null
              BLOCK type=kotlin.Unit origin=null
          FUN name:invokeSuspend visibility:public modality:FINAL <> ($this:id.haeworks.todo_list_presentation.ListScreenKt.ListScreen.<no name provided>, $result:kotlin.Result<kotlin.Any?>) returnType:kotlin.Any?
            overridden:
              protected abstract fun invokeSuspend ($result: kotlin.Result<kotlin.Any?>): kotlin.Any? declared in kotlin.coroutines.jvm.internal.SuspendLambda
            $this: VALUE_PARAMETER INSTANCE_RECEIVER name:<this> type:id.haeworks.todo_list_presentation.ListScreenKt.ListScreen.<no name provided>
            VALUE_PARAMETER name:$result index:0 type:kotlin.Result<kotlin.Any?>
            BLOCK_BODY
              WHEN type=kotlin.Unit origin=IF
                BRANCH
                  if: CALL 'public final fun OROR (arg0: kotlin.Boolean, arg1: kotlin.Boolean): kotlin.Boolean declared in kotlin.internal.ir' type=kotlin.Boolean origin=null
                    arg0: CALL 'public final fun not (): kotlin.Boolean [operator] declared in kotlin.Boolean' type=kotlin.Boolean origin=null
                      $this: CALL 'public final fun isNullOrBlank (): kotlin.Boolean [inline] declared in kotlin.text.StringsKt' type=kotlin.Boolean origin=null
                        $receiver: CALL 'public final fun <get-message> (): kotlin.String? declared in id.haeworks.core.model.SnackbarState' type=kotlin.String? origin=GET_PROPERTY
                          $this: CALL 'public final fun <get-snackbar> (): id.haeworks.core.model.SnackbarState declared in id.haeworks.todo_list_presentation.ListState' type=id.haeworks.core.model.SnackbarState origin=GET_PROPERTY
                            $this: GET_FIELD 'FIELD FIELD_FOR_CAPTURED_VALUE name:$state type:id.haeworks.todo_list_presentation.ListState visibility:public/*package*/ [final] declared in id.haeworks.todo_list_presentation.ListScreenKt.ListScreen.<no name provided>' type=id.haeworks.todo_list_presentation.ListState origin=null
                              receiver: GET_VAR '<this>: id.haeworks.todo_list_presentation.ListScreenKt.ListScreen.<no name provided> declared in id.haeworks.todo_list_presentation.ListScreenKt.ListScreen.<no name provided>.invokeSuspend' type=id.haeworks.todo_list_presentation.ListScreenKt.ListScreen.<no name provided> origin=null
                    arg1: CALL 'public final fun not (): kotlin.Boolean [operator] declared in kotlin.Boolean' type=kotlin.Boolean origin=EXCLEQ
                      $this: CALL 'public final fun EQEQ (arg0: kotlin.Any?, arg1: kotlin.Any?): kotlin.Boolean declared in kotlin.internal.ir' type=kotlin.Boolean origin=EXCLEQ
                        arg0: CALL 'public final fun <get-messageId> (): kotlin.Int? declared in id.haeworks.core.model.SnackbarState' type=kotlin.Int? origin=GET_PROPERTY
                          $this: CALL 'public final fun <get-snackbar> (): id.haeworks.core.model.SnackbarState declared in id.haeworks.todo_list_presentation.ListState' type=id.haeworks.core.model.SnackbarState origin=GET_PROPERTY
                            $this: GET_FIELD 'FIELD FIELD_FOR_CAPTURED_VALUE name:$state type:id.haeworks.todo_list_presentation.ListState visibility:public/*package*/ [final] declared in id.haeworks.todo_list_presentation.ListScreenKt.ListScreen.<no name provided>' type=id.haeworks.todo_list_presentation.ListState origin=null
                              receiver: GET_VAR '<this>: id.haeworks.todo_list_presentation.ListScreenKt.ListScreen.<no name provided> declared in id.haeworks.todo_list_presentation.ListScreenKt.ListScreen.<no name provided>.invokeSuspend' type=id.haeworks.todo_list_presentation.ListScreenKt.ListScreen.<no name provided> origin=null
                        arg1: CONST Null type=kotlin.Nothing? value=null
                  then: COMPOSITE type=kotlin.Unit origin=null
                    BLOCK type=androidx.compose.material3.SnackbarResult origin=null
                      CALL 'public abstract fun invoke (p1: P1 of kotlin.Function1): R of kotlin.Function1 [operator] declared in kotlin.Function1' type=kotlin.Unit origin=INVOKE
                        $this: GET_FIELD 'FIELD FIELD_FOR_CAPTURED_VALUE name:$onEvent type:kotlin.Function1<id.haeworks.todo_list_presentation.ListEvent, kotlin.Unit> visibility:public/*package*/ [final] declared in id.haeworks.todo_list_presentation.ListScreenKt.ListScreen.<no name provided>' type=kotlin.Function1<id.haeworks.todo_list_presentation.ListEvent, kotlin.Unit> origin=null
                          receiver: GET_VAR '<this>: id.haeworks.todo_list_presentation.ListScreenKt.ListScreen.<no name provided> declared in id.haeworks.todo_list_presentation.ListScreenKt.ListScreen.<no name provided>.invokeSuspend' type=id.haeworks.todo_list_presentation.ListScreenKt.ListScreen.<no name provided> origin=null
                        p1: CONSTRUCTOR_CALL 'public constructor <init> (isDelay: kotlin.Boolean, $mask0: kotlin.Int, $marker: kotlin.jvm.internal.DefaultConstructorMarker?) declared in id.haeworks.todo_list_presentation.ListEvent.ResetSnackbar' type=id.haeworks.todo_list_presentation.ListEvent.ResetSnackbar origin=DEFAULT_DISPATCH_CALL
                          isDelay: COMPOSITE type=kotlin.Boolean origin=DEFAULT_VALUE
                            CONST Boolean type=kotlin.Boolean value=false
                          $mask0: CONST Int type=kotlin.Int value=1
                          $marker: CONST Null type=kotlin.jvm.internal.DefaultConstructorMarker? value=null
                      CALL 'public final fun apply <T> (block: @[ExtensionFunctionType] kotlin.Function1<T of kotlin.StandardKt.apply, kotlin.Unit>): T of kotlin.StandardKt.apply [inline] declared in kotlin.StandardKt' type=androidx.compose.material3.SnackbarResult origin=null
                        <T>: androidx.compose.material3.SnackbarResult
                        $receiver: CALL 'public final fun showDefaultSnackbar$default (context: android.content.Context, snackbar: id.haeworks.core.model.SnackbarState, actionLabel: kotlin.String?, withDismissAction: kotlin.Boolean, duration: androidx.compose.material3.SnackbarDuration?, $completion: kotlin.coroutines.Continuation<androidx.compose.material3.SnackbarResult>, $mask0: kotlin.Int, $handler: kotlin.Any?): kotlin.Any? [suspend] declared in id.haeworks.core.ui.DefaultSnackbarKt' type=androidx.compose.material3.SnackbarResult origin=DEFAULT_DISPATCH_CALL
                          $receiver: GET_FIELD 'FIELD FIELD_FOR_CAPTURED_VALUE name:$snackbarState type:androidx.compose.material3.SnackbarHostState visibility:public/*package*/ [final] declared in id.haeworks.todo_list_presentation.ListScreenKt.ListScreen.<no name provided>' type=androidx.compose.material3.SnackbarHostState origin=null
                            receiver: GET_VAR '<this>: id.haeworks.todo_list_presentation.ListScreenKt.ListScreen.<no name provided> declared in id.haeworks.todo_list_presentation.ListScreenKt.ListScreen.<no name provided>.invokeSuspend' type=id.haeworks.todo_list_presentation.ListScreenKt.ListScreen.<no name provided> origin=null
                          context: GET_FIELD 'FIELD FIELD_FOR_CAPTURED_VALUE name:$context type:android.content.Context visibility:public/*package*/ [final] declared in id.haeworks.todo_list_presentation.ListScreenKt.ListScreen.<no name provided>' type=android.content.Context origin=null
                            receiver: GET_VAR '<this>: id.haeworks.todo_list_presentation.ListScreenKt.ListScreen.<no name provided> declared in id.haeworks.todo_list_presentation.ListScreenKt.ListScreen.<no name provided>.invokeSuspend' type=id.haeworks.todo_list_presentation.ListScreenKt.ListScreen.<no name provided> origin=null
                          snackbar: CALL 'public final fun <get-snackbar> (): id.haeworks.core.model.SnackbarState declared in id.haeworks.todo_list_presentation.ListState' type=id.haeworks.core.model.SnackbarState origin=GET_PROPERTY
                            $this: GET_FIELD 'FIELD FIELD_FOR_CAPTURED_VALUE name:$state type:id.haeworks.todo_list_presentation.ListState visibility:public/*package*/ [final] declared in id.haeworks.todo_list_presentation.ListScreenKt.ListScreen.<no name provided>' type=id.haeworks.todo_list_presentation.ListState origin=null
                              receiver: GET_VAR '<this>: id.haeworks.todo_list_presentation.ListScreenKt.ListScreen.<no name provided> declared in id.haeworks.todo_list_presentation.ListScreenKt.ListScreen.<no name provided>.invokeSuspend' type=id.haeworks.todo_list_presentation.ListScreenKt.ListScreen.<no name provided> origin=null
                          actionLabel: CALL 'public final fun getString (p0: kotlin.Int): @[EnhancedNullability] kotlin.String declared in android.content.Context' type=@[EnhancedNullability] kotlin.String origin=null
                            $this: GET_FIELD 'FIELD FIELD_FOR_CAPTURED_VALUE name:$context type:android.content.Context visibility:public/*package*/ [final] declared in id.haeworks.todo_list_presentation.ListScreenKt.ListScreen.<no name provided>' type=android.content.Context origin=null
                              receiver: GET_VAR '<this>: id.haeworks.todo_list_presentation.ListScreenKt.ListScreen.<no name provided> declared in id.haeworks.todo_list_presentation.ListScreenKt.ListScreen.<no name provided>.invokeSuspend' type=id.haeworks.todo_list_presentation.ListScreenKt.ListScreen.<no name provided> origin=null
                            p0: GET_FIELD 'FIELD IR_EXTERNAL_JAVA_DECLARATION_STUB name:ok type:kotlin.Int visibility:public [static] declared in id.haeworks.core.R.string' type=kotlin.Int superQualifierSymbol=id.haeworks.core.R.string origin=null
                          withDismissAction: COMPOSITE type=kotlin.Boolean origin=DEFAULT_VALUE
                            CONST Boolean type=kotlin.Boolean value=false
                          duration: COMPOSITE type=androidx.compose.material3.SnackbarDuration? origin=DEFAULT_VALUE
                            CONST Null type=androidx.compose.material3.SnackbarDuration? value=null
                          $completion: GET_VAR '<this>: id.haeworks.todo_list_presentation.ListScreenKt.ListScreen.<no name provided> declared in id.haeworks.todo_list_presentation.ListScreenKt.ListScreen.<no name provided>.invokeSuspend' type=id.haeworks.todo_list_presentation.ListScreenKt.ListScreen.<no name provided> origin=null
                          $mask0: CONST Int type=kotlin.Int value=24
                          $handler: CONST Null type=kotlin.Any? value=null
                        block: BLOCK type=@[ExtensionFunctionType] kotlin.Function1<androidx.compose.material3.SnackbarResult, kotlin.Unit> origin=LAMBDA
                          COMPOSITE type=kotlin.Unit origin=null
                          FUNCTION_REFERENCE 'private final fun invokeSuspend$lambda$0 ($onEvent: kotlin.Function1<id.haeworks.todo_list_presentation.ListEvent, kotlin.Unit>): kotlin.Unit declared in id.haeworks.todo_list_presentation.ListScreenKt.ListScreen.<no name provided>' type=@[ExtensionFunctionType] kotlin.Function1<androidx.compose.material3.SnackbarResult, kotlin.Unit> origin=INLINE_LAMBDA reflectionTarget=null
                            $onEvent: GET_FIELD 'FIELD FIELD_FOR_CAPTURED_VALUE name:$onEvent type:kotlin.Function1<id.haeworks.todo_list_presentation.ListEvent, kotlin.Unit> visibility:public/*package*/ [final] declared in id.haeworks.todo_list_presentation.ListScreenKt.ListScreen.<no name provided>' type=kotlin.Function1<id.haeworks.todo_list_presentation.ListEvent, kotlin.Unit> origin=null
                              receiver: GET_VAR '<this>: id.haeworks.todo_list_presentation.ListScreenKt.ListScreen.<no name provided> declared in id.haeworks.todo_list_presentation.ListScreenKt.ListScreen.<no name provided>.invokeSuspend' type=id.haeworks.todo_list_presentation.ListScreenKt.ListScreen.<no name provided> origin=null
                    COMPOSITE type=kotlin.Unit origin=null
          FUN name:create visibility:public modality:FINAL <> ($this:id.haeworks.todo_list_presentation.ListScreenKt.ListScreen.<no name provided>, value:kotlin.Any?, $completion:kotlin.coroutines.Continuation<kotlin.Nothing>) returnType:kotlin.coroutines.Continuation<kotlin.Unit>
            overridden:
              public open fun create (value: kotlin.Any?, $completion: kotlin.coroutines.Continuation<kotlin.Nothing>): kotlin.coroutines.Continuation<kotlin.Unit> declared in kotlin.coroutines.jvm.internal.SuspendLambda
            $this: VALUE_PARAMETER INSTANCE_RECEIVER name:<this> type:id.haeworks.todo_list_presentation.ListScreenKt.ListScreen.<no name provided>
            VALUE_PARAMETER name:value index:0 type:kotlin.Any?
            VALUE_PARAMETER name:$completion index:1 type:kotlin.coroutines.Continuation<kotlin.Nothing>
            BLOCK_BODY
              RETURN type=kotlin.Nothing from='public final fun create (value: kotlin.Any?, $completion: kotlin.coroutines.Continuation<kotlin.Nothing>): kotlin.coroutines.Continuation<kotlin.Unit> declared in id.haeworks.todo_list_presentation.ListScreenKt.ListScreen.<no name provided>'
                CONSTRUCTOR_CALL 'public/*package*/ constructor <init> ($state: id.haeworks.todo_list_presentation.ListState, $onEvent: kotlin.Function1<id.haeworks.todo_list_presentation.ListEvent, kotlin.Unit>, $snackbarState: androidx.compose.material3.SnackbarHostState, $context: android.content.Context, $completion: kotlin.coroutines.Continuation<id.haeworks.todo_list_presentation.ListScreenKt.ListScreen.<no name provided>>?) [primary] declared in id.haeworks.todo_list_presentation.ListScreenKt.ListScreen.<no name provided>' type=id.haeworks.todo_list_presentation.ListScreenKt.ListScreen.<no name provided> origin=null
                  $state: GET_FIELD 'FIELD FIELD_FOR_CAPTURED_VALUE name:$state type:id.haeworks.todo_list_presentation.ListState visibility:public/*package*/ [final] declared in id.haeworks.todo_list_presentation.ListScreenKt.ListScreen.<no name provided>' type=id.haeworks.todo_list_presentation.ListState origin=null
                    receiver: GET_VAR '<this>: id.haeworks.todo_list_presentation.ListScreenKt.ListScreen.<no name provided> declared in id.haeworks.todo_list_presentation.ListScreenKt.ListScreen.<no name provided>.create' type=id.haeworks.todo_list_presentation.ListScreenKt.ListScreen.<no name provided> origin=null
                  $onEvent: GET_FIELD 'FIELD FIELD_FOR_CAPTURED_VALUE name:$onEvent type:kotlin.Function1<id.haeworks.todo_list_presentation.ListEvent, kotlin.Unit> visibility:public/*package*/ [final] declared in id.haeworks.todo_list_presentation.ListScreenKt.ListScreen.<no name provided>' type=kotlin.Function1<id.haeworks.todo_list_presentation.ListEvent, kotlin.Unit> origin=null
                    receiver: GET_VAR '<this>: id.haeworks.todo_list_presentation.ListScreenKt.ListScreen.<no name provided> declared in id.haeworks.todo_list_presentation.ListScreenKt.ListScreen.<no name provided>.create' type=id.haeworks.todo_list_presentation.ListScreenKt.ListScreen.<no name provided> origin=null
                  $snackbarState: GET_FIELD 'FIELD FIELD_FOR_CAPTURED_VALUE name:$snackbarState type:androidx.compose.material3.SnackbarHostState visibility:public/*package*/ [final] declared in id.haeworks.todo_list_presentation.ListScreenKt.ListScreen.<no name provided>' type=androidx.compose.material3.SnackbarHostState origin=null
                    receiver: GET_VAR '<this>: id.haeworks.todo_list_presentation.ListScreenKt.ListScreen.<no name provided> declared in id.haeworks.todo_list_presentation.ListScreenKt.ListScreen.<no name provided>.create' type=id.haeworks.todo_list_presentation.ListScreenKt.ListScreen.<no name provided> origin=null
                  $context: GET_FIELD 'FIELD FIELD_FOR_CAPTURED_VALUE name:$context type:android.content.Context visibility:public/*package*/ [final] declared in id.haeworks.todo_list_presentation.ListScreenKt.ListScreen.<no name provided>' type=android.content.Context origin=null
                    receiver: GET_VAR '<this>: id.haeworks.todo_list_presentation.ListScreenKt.ListScreen.<no name provided> declared in id.haeworks.todo_list_presentation.ListScreenKt.ListScreen.<no name provided>.create' type=id.haeworks.todo_list_presentation.ListScreenKt.ListScreen.<no name provided> origin=null
                  $completion: GET_VAR '$completion: kotlin.coroutines.Continuation<kotlin.Nothing> declared in id.haeworks.todo_list_presentation.ListScreenKt.ListScreen.<no name provided>.create' type=kotlin.coroutines.Continuation<kotlin.Nothing> origin=null
          FUN name:invoke visibility:public modality:FINAL <> ($this:id.haeworks.todo_list_presentation.ListScreenKt.ListScreen.<no name provided>, p1:kotlinx.coroutines.CoroutineScope, p2:kotlin.coroutines.Continuation<kotlin.Unit>?) returnType:kotlin.Any?
            overridden:
              public abstract fun invoke (p1: P1 of kotlin.jvm.functions.Function2, p2: P2 of kotlin.jvm.functions.Function2): R of kotlin.jvm.functions.Function2 declared in kotlin.jvm.functions.Function2
            $this: VALUE_PARAMETER INSTANCE_RECEIVER name:<this> type:id.haeworks.todo_list_presentation.ListScreenKt.ListScreen.<no name provided>
            VALUE_PARAMETER name:p1 index:0 type:kotlinx.coroutines.CoroutineScope
            VALUE_PARAMETER name:p2 index:1 type:kotlin.coroutines.Continuation<kotlin.Unit>?
            BLOCK_BODY
              RETURN type=kotlin.Nothing from='public final fun invoke (p1: kotlinx.coroutines.CoroutineScope, p2: kotlin.coroutines.Continuation<kotlin.Unit>?): kotlin.Any? declared in id.haeworks.todo_list_presentation.ListScreenKt.ListScreen.<no name provided>'
                CALL 'public final fun invokeSuspend ($result: kotlin.Result<kotlin.Any?>): kotlin.Any? declared in id.haeworks.todo_list_presentation.ListScreenKt.ListScreen.<no name provided>' type=kotlin.Any? origin=null
                  $this: TYPE_OP type=id.haeworks.todo_list_presentation.ListScreenKt.ListScreen.<no name provided> origin=IMPLICIT_CAST typeOperand=id.haeworks.todo_list_presentation.ListScreenKt.ListScreen.<no name provided>
                    CALL 'public final fun create (value: kotlin.Any?, $completion: kotlin.coroutines.Continuation<kotlin.Nothing>): kotlin.coroutines.Continuation<kotlin.Unit> declared in id.haeworks.todo_list_presentation.ListScreenKt.ListScreen.<no name provided>' type=kotlin.coroutines.Continuation<kotlin.Unit> origin=null
                      $this: GET_VAR '<this>: id.haeworks.todo_list_presentation.ListScreenKt.ListScreen.<no name provided> declared in id.haeworks.todo_list_presentation.ListScreenKt.ListScreen.<no name provided>.invoke' type=id.haeworks.todo_list_presentation.ListScreenKt.ListScreen.<no name provided> origin=null
                      value: GET_VAR 'p1: kotlinx.coroutines.CoroutineScope declared in id.haeworks.todo_list_presentation.ListScreenKt.ListScreen.<no name provided>.invoke' type=kotlinx.coroutines.CoroutineScope origin=null
                      $completion: GET_VAR 'p2: kotlin.coroutines.Continuation<kotlin.Unit>? declared in id.haeworks.todo_list_presentation.ListScreenKt.ListScreen.<no name provided>.invoke' type=kotlin.coroutines.Continuation<kotlin.Unit>? origin=null
                  $result: CALL 'public final fun <unsafe-coerce> <T, R> (v: T of kotlin.jvm.internal.<unsafe-coerce>): R of kotlin.jvm.internal.<unsafe-coerce> declared in kotlin.jvm.internal' type=kotlin.Result<kotlin.Any?> origin=null
                    <T>: kotlin.Any?
                    <R>: kotlin.Result<kotlin.Any?>
                    v: GET_FIELD 'FIELD FIELD_FOR_OBJECT_INSTANCE name:INSTANCE type:kotlin.Unit visibility:public [final,static] declared in kotlin.Unit' type=kotlin.Unit origin=null
          CLASS ENUM_MAPPINGS_FOR_WHEN CLASS name:WhenMappings modality:FINAL visibility:public superTypes:[]
            $this: VALUE_PARAMETER INSTANCE_RECEIVER name:<this> type:id.haeworks.todo_list_presentation.ListScreenKt.ListScreen.<no name provided>.WhenMappings
            FIELD ENUM_MAPPINGS_FOR_WHEN name:$EnumSwitchMapping$0 type:kotlin.IntArray visibility:public [final,static]
            FUN CLASS_STATIC_INITIALIZER name:<clinit> visibility:public/*package*/ modality:FINAL <> () returnType:kotlin.Unit
              BLOCK_BODY
                SET_FIELD 'FIELD ENUM_MAPPINGS_FOR_WHEN name:$EnumSwitchMapping$0 type:kotlin.IntArray visibility:public [final,static] declared in id.haeworks.todo_list_presentation.ListScreenKt.ListScreen.<no name provided>.WhenMappings' type=kotlin.Unit origin=INITIALIZE_FIELD
                  value: BLOCK type=kotlin.IntArray origin=null
                    VAR IR_TEMPORARY_VARIABLE name:tmp0 type:kotlin.IntArray [val]
                      CONSTRUCTOR_CALL 'public constructor <init> (size: kotlin.Int) [primary] declared in kotlin.IntArray' type=kotlin.IntArray origin=null
                        size: CALL 'public final fun <get-size> (): kotlin.Int declared in kotlin.Array' type=kotlin.Int origin=null
                          $this: CALL 'public final fun values (): kotlin.Array<androidx.compose.material3.SnackbarResult> declared in androidx.compose.material3.SnackbarResult' type=kotlin.Array<androidx.compose.material3.SnackbarResult> origin=null
                    TRY type=kotlin.Unit
                      try: CALL 'public final fun set (index: kotlin.Int, value: kotlin.Int): kotlin.Unit [operator] declared in kotlin.IntArray' type=kotlin.Unit origin=null
                        $this: GET_VAR 'val tmp0: kotlin.IntArray [val] declared in id.haeworks.todo_list_presentation.ListScreenKt.ListScreen.<no name provided>.WhenMappings.<clinit>' type=kotlin.IntArray origin=null
                        index: CALL 'public final fun <get-ordinal> (): kotlin.Int [fake_override] declared in androidx.compose.material3.SnackbarResult' type=kotlin.Int origin=null
                          $this: GET_FIELD 'FIELD FIELD_FOR_ENUM_ENTRY name:Dismissed type:androidx.compose.material3.SnackbarResult visibility:public [final,static] declared in androidx.compose.material3.SnackbarResult' type=androidx.compose.material3.SnackbarResult origin=null
                        value: CONST Int type=kotlin.Int value=1
                      CATCH parameter=val tmp1: java.lang.NoSuchFieldError [val] declared in id.haeworks.todo_list_presentation.ListScreenKt.ListScreen.<no name provided>.WhenMappings.<clinit>
                        VAR IR_TEMPORARY_VARIABLE name:tmp1 type:java.lang.NoSuchFieldError [val]
                        GET_FIELD 'FIELD FIELD_FOR_OBJECT_INSTANCE name:INSTANCE type:kotlin.Unit visibility:public [final,static] declared in kotlin.Unit' type=kotlin.Unit origin=null
                    TRY type=kotlin.Unit
                      try: CALL 'public final fun set (index: kotlin.Int, value: kotlin.Int): kotlin.Unit [operator] declared in kotlin.IntArray' type=kotlin.Unit origin=null
                        $this: GET_VAR 'val tmp0: kotlin.IntArray [val] declared in id.haeworks.todo_list_presentation.ListScreenKt.ListScreen.<no name provided>.WhenMappings.<clinit>' type=kotlin.IntArray origin=null
                        index: CALL 'public final fun <get-ordinal> (): kotlin.Int [fake_override] declared in androidx.compose.material3.SnackbarResult' type=kotlin.Int origin=null
                          $this: GET_FIELD 'FIELD FIELD_FOR_ENUM_ENTRY name:ActionPerformed type:androidx.compose.material3.SnackbarResult visibility:public [final,static] declared in androidx.compose.material3.SnackbarResult' type=androidx.compose.material3.SnackbarResult origin=null
                        value: CONST Int type=kotlin.Int value=2
                      CATCH parameter=val tmp2: java.lang.NoSuchFieldError [val] declared in id.haeworks.todo_list_presentation.ListScreenKt.ListScreen.<no name provided>.WhenMappings.<clinit>
                        VAR IR_TEMPORARY_VARIABLE name:tmp2 type:java.lang.NoSuchFieldError [val]
                        GET_FIELD 'FIELD FIELD_FOR_OBJECT_INSTANCE name:INSTANCE type:kotlin.Unit visibility:public [final,static] declared in kotlin.Unit' type=kotlin.Unit origin=null
                    GET_VAR 'val tmp0: kotlin.IntArray [val] declared in id.haeworks.todo_list_presentation.ListScreenKt.ListScreen.<no name provided>.WhenMappings.<clinit>' type=kotlin.IntArray origin=null
          FIELD FIELD_FOR_CAPTURED_VALUE name:$state type:id.haeworks.todo_list_presentation.ListState visibility:public/*package*/ [final]
          FIELD FIELD_FOR_CAPTURED_VALUE name:$onEvent type:kotlin.Function1<id.haeworks.todo_list_presentation.ListEvent, kotlin.Unit> visibility:public/*package*/ [final]
          FIELD FIELD_FOR_CAPTURED_VALUE name:$snackbarState type:androidx.compose.material3.SnackbarHostState visibility:public/*package*/ [final]
          FIELD FIELD_FOR_CAPTURED_VALUE name:$context type:android.content.Context visibility:public/*package*/ [final]
          FUN INLINE_LAMBDA name:invokeSuspend$lambda$0 visibility:private modality:FINAL <> ($receiver:androidx.compose.material3.SnackbarResult, $onEvent:kotlin.Function1<id.haeworks.todo_list_presentation.ListEvent, kotlin.Unit>) returnType:kotlin.Unit
            $receiver: VALUE_PARAMETER name:$this$apply type:androidx.compose.material3.SnackbarResult
            VALUE_PARAMETER BOUND_VALUE_PARAMETER name:$onEvent index:0 type:kotlin.Function1<id.haeworks.todo_list_presentation.ListEvent, kotlin.Unit>
            BLOCK_BODY
              VAR name:$i$a$-apply-ListScreenKt$ListScreen$1$1 type:kotlin.Int [val]
                CONST Int type=kotlin.Int value=0
              BLOCK type=kotlin.Unit origin=WHEN
                VAR IR_TEMPORARY_VARIABLE name:tmp0_subject type:androidx.compose.material3.SnackbarResult [val]
                  GET_VAR '$this$apply: androidx.compose.material3.SnackbarResult declared in id.haeworks.todo_list_presentation.ListScreenKt.ListScreen.<no name provided>.invokeSuspend$lambda$0' type=androidx.compose.material3.SnackbarResult origin=null
                VAR IR_TEMPORARY_VARIABLE name:tmp0 type:kotlin.Int [val]
                  CALL 'public final fun get (index: kotlin.Int): kotlin.Int [operator] declared in kotlin.IntArray' type=kotlin.Int origin=null
                    $this: GET_FIELD 'FIELD ENUM_MAPPINGS_FOR_WHEN name:$EnumSwitchMapping$0 type:kotlin.IntArray visibility:public [final,static] declared in id.haeworks.todo_list_presentation.ListScreenKt.ListScreen.<no name provided>.WhenMappings' type=kotlin.IntArray origin=null
                    index: CALL 'public final fun <get-ordinal> (): kotlin.Int [fake_override] declared in androidx.compose.material3.SnackbarResult' type=kotlin.Int origin=null
                      $this: GET_VAR 'val tmp0_subject: androidx.compose.material3.SnackbarResult [val] declared in id.haeworks.todo_list_presentation.ListScreenKt.ListScreen.<no name provided>.invokeSuspend$lambda$0' type=androidx.compose.material3.SnackbarResult origin=null
                WHEN type=kotlin.Unit origin=WHEN
                  BRANCH
                    if: CALL 'public final fun EQEQ (arg0: kotlin.Any?, arg1: kotlin.Any?): kotlin.Boolean declared in kotlin.internal.ir' type=kotlin.Boolean origin=null
                      arg0: GET_VAR 'val tmp0: kotlin.Int [val] declared in id.haeworks.todo_list_presentation.ListScreenKt.ListScreen.<no name provided>.invokeSuspend$lambda$0' type=kotlin.Int origin=null
                      arg1: CONST Int type=kotlin.Int value=1
                    then: BLOCK type=kotlin.Unit origin=null
                  BRANCH
                    if: CALL 'public final fun EQEQ (arg0: kotlin.Any?, arg1: kotlin.Any?): kotlin.Boolean declared in kotlin.internal.ir' type=kotlin.Boolean origin=null
                      arg0: GET_VAR 'val tmp0: kotlin.Int [val] declared in id.haeworks.todo_list_presentation.ListScreenKt.ListScreen.<no name provided>.invokeSuspend$lambda$0' type=kotlin.Int origin=null
                      arg1: CONST Int type=kotlin.Int value=2
                    then: BLOCK type=kotlin.Unit origin=null
                      CALL 'public abstract fun invoke (p1: P1 of kotlin.Function1): R of kotlin.Function1 [operator] declared in kotlin.Function1' type=kotlin.Unit origin=INVOKE
                        $this: GET_VAR '$onEvent: kotlin.Function1<id.haeworks.todo_list_presentation.ListEvent, kotlin.Unit> declared in id.haeworks.todo_list_presentation.ListScreenKt.ListScreen.<no name provided>.invokeSuspend$lambda$0' type=kotlin.Function1<id.haeworks.todo_list_presentation.ListEvent, kotlin.Unit> origin=null
                        p1: CONSTRUCTOR_CALL 'public constructor <init> (isDelay: kotlin.Boolean) [primary] declared in id.haeworks.todo_list_presentation.ListEvent.ResetSnackbar' type=id.haeworks.todo_list_presentation.ListEvent.ResetSnackbar origin=null
                          isDelay: CONST Boolean type=kotlin.Boolean value=false
                  BRANCH
                    if: CONST Boolean type=kotlin.Boolean value=true
                    then: BLOCK type=kotlin.Nothing origin=null
                      CALL 'public final fun noWhenBranchMatchedException (): kotlin.Nothing declared in kotlin.internal.ir' type=kotlin.Nothing origin=null
                      CALL 'public final fun throwKotlinNothingValueException (): kotlin.Nothing declared in kotlin.jvm.internal.Intrinsics' type=kotlin.Nothing origin=null
          FUN BRIDGE name:invoke visibility:public modality:OPEN <> ($this:id.haeworks.todo_list_presentation.ListScreenKt.ListScreen.<no name provided>, p1:kotlin.Any?, p2:kotlin.Any?) returnType:kotlin.Any?
            $this: VALUE_PARAMETER INSTANCE_RECEIVER name:<this> type:id.haeworks.todo_list_presentation.ListScreenKt.ListScreen.<no name provided>
            VALUE_PARAMETER BRIDGE name:p1 index:0 type:kotlin.Any?
            VALUE_PARAMETER BRIDGE name:p2 index:1 type:kotlin.Any?
            EXPRESSION_BODY
              RETURN type=kotlin.Nothing from='public open fun invoke (p1: kotlin.Any?, p2: kotlin.Any?): kotlin.Any? declared in id.haeworks.todo_list_presentation.ListScreenKt.ListScreen.<no name provided>'
                CALL 'public final fun invoke (p1: kotlinx.coroutines.CoroutineScope, p2: kotlin.coroutines.Continuation<kotlin.Unit>?): kotlin.Any? declared in id.haeworks.todo_list_presentation.ListScreenKt.ListScreen.<no name provided>' type=kotlin.Any? origin=BRIDGE_DELEGATION
                  $this: GET_VAR '<this>: id.haeworks.todo_list_presentation.ListScreenKt.ListScreen.<no name provided> declared in id.haeworks.todo_list_presentation.ListScreenKt.ListScreen.<no name provided>.invoke' type=id.haeworks.todo_list_presentation.ListScreenKt.ListScreen.<no name provided> origin=null
                  p1: TYPE_OP type=kotlinx.coroutines.CoroutineScope origin=IMPLICIT_CAST typeOperand=kotlinx.coroutines.CoroutineScope
                    GET_VAR 'p1: kotlin.Any? declared in id.haeworks.todo_list_presentation.ListScreenKt.ListScreen.<no name provided>.invoke' type=kotlin.Any? origin=null
                  p2: TYPE_OP type=kotlin.coroutines.Continuation<*> origin=IMPLICIT_CAST typeOperand=kotlin.coroutines.Continuation<*>
                    GET_VAR 'p2: kotlin.Any? declared in id.haeworks.todo_list_presentation.ListScreenKt.ListScreen.<no name provided>.invoke' type=kotlin.Any? origin=null
        CONSTRUCTOR_CALL 'public/*package*/ constructor <init> ($state: id.haeworks.todo_list_presentation.ListState, $onEvent: kotlin.Function1<id.haeworks.todo_list_presentation.ListEvent, kotlin.Unit>, $snackbarState: androidx.compose.material3.SnackbarHostState, $context: android.content.Context, $completion: kotlin.coroutines.Continuation<id.haeworks.todo_list_presentation.ListScreenKt.ListScreen.<no name provided>>?) [primary] declared in id.haeworks.todo_list_presentation.ListScreenKt.ListScreen.<no name provided>' type=id.haeworks.todo_list_presentation.ListScreenKt.ListScreen.<no name provided> origin=null
          $state: GET_VAR 'state: id.haeworks.todo_list_presentation.ListState declared in id.haeworks.todo_list_presentation.ListScreenKt.ListScreen' type=id.haeworks.todo_list_presentation.ListState origin=null
          $onEvent: GET_VAR 'onEvent: kotlin.Function1<id.haeworks.todo_list_presentation.ListEvent, kotlin.Unit> declared in id.haeworks.todo_list_presentation.ListScreenKt.ListScreen' type=kotlin.Function1<id.haeworks.todo_list_presentation.ListEvent, kotlin.Unit> origin=null
          $snackbarState: GET_VAR 'val snackbarState: androidx.compose.material3.SnackbarHostState [val] declared in id.haeworks.todo_list_presentation.ListScreenKt.ListScreen' type=androidx.compose.material3.SnackbarHostState origin=null
          $context: GET_VAR 'val context: android.content.Context [val] declared in id.haeworks.todo_list_presentation.ListScreenKt.ListScreen' type=android.content.Context origin=null
          $completion: CONST Null type=kotlin.Nothing? value=null
    VAR name:todoItems type:androidx.compose.runtime.snapshots.SnapshotStateList<id.haeworks.todo_list_domain.model.Todo> [val]
      CALL 'public final fun remember <T> (calculation: @[DisallowComposableCalls] kotlin.Function0<T of androidx.compose.runtime.ComposablesKt.remember>): T of androidx.compose.runtime.ComposablesKt.remember [inline] declared in androidx.compose.runtime.ComposablesKt' type=androidx.compose.runtime.snapshots.SnapshotStateList<id.haeworks.todo_list_domain.model.Todo> origin=null
        <T>: androidx.compose.runtime.snapshots.SnapshotStateList<id.haeworks.todo_list_domain.model.Todo>
        calculation: BLOCK type=kotlin.Function0<androidx.compose.runtime.snapshots.SnapshotStateList<id.haeworks.todo_list_domain.model.Todo>> origin=LAMBDA
          COMPOSITE type=kotlin.Unit origin=null
          FUNCTION_REFERENCE 'private final fun ListScreen$lambda$1 (): androidx.compose.runtime.snapshots.SnapshotStateList<id.haeworks.todo_list_domain.model.Todo> declared in id.haeworks.todo_list_presentation.ListScreenKt' type=kotlin.Function0<androidx.compose.runtime.snapshots.SnapshotStateList<id.haeworks.todo_list_domain.model.Todo>> origin=INLINE_LAMBDA reflectionTarget=null
    CALL 'public final fun Scaffold-QMVK-b8$default (modifier: androidx.compose.ui.Modifier?, topBar: @[Composable] kotlin.Function0<kotlin.Unit>?, bottomBar: @[Composable] kotlin.Function0<kotlin.Unit>?, snackbarHost: @[Composable] kotlin.Function0<kotlin.Unit>?, floatingActionButton: @[Composable] kotlin.Function0<kotlin.Unit>?, floatingActionButtonPosition: androidx.compose.material3.FabPosition, containerColor: androidx.compose.ui.graphics.Color, contentColor: androidx.compose.ui.graphics.Color, contentWindowInsets: androidx.compose.foundation.layout.WindowInsets?, content: @[Composable] kotlin.Function1<androidx.compose.foundation.layout.PaddingValues, kotlin.Unit>, $mask0: kotlin.Int, $handler: kotlin.Any?): kotlin.Unit declared in androidx.compose.material3.ScaffoldKt' type=kotlin.Unit origin=DEFAULT_DISPATCH_CALL
      modifier: COMPOSITE type=androidx.compose.ui.Modifier? origin=DEFAULT_VALUE
        CONST Null type=androidx.compose.ui.Modifier? value=null
      topBar: COMPOSITE type=@[Composable] kotlin.Function0<kotlin.Unit>? origin=DEFAULT_VALUE
        CONST Null type=@[Composable] kotlin.Function0<kotlin.Unit>? value=null
      bottomBar: COMPOSITE type=@[Composable] kotlin.Function0<kotlin.Unit>? origin=DEFAULT_VALUE
        CONST Null type=@[Composable] kotlin.Function0<kotlin.Unit>? value=null
      snackbarHost: COMPOSITE type=@[Composable] kotlin.Function0<kotlin.Unit>? origin=DEFAULT_VALUE
        CONST Null type=@[Composable] kotlin.Function0<kotlin.Unit>? value=null
      floatingActionButton: COMPOSITE type=@[Composable] kotlin.Function0<kotlin.Unit>? origin=DEFAULT_VALUE
        CONST Null type=@[Composable] kotlin.Function0<kotlin.Unit>? value=null
      floatingActionButtonPosition: COMPOSITE type=androidx.compose.material3.FabPosition origin=DEFAULT_VALUE
        CALL 'public final fun <unsafe-coerce> <T, R> (v: T of kotlin.jvm.internal.<unsafe-coerce>): R of kotlin.jvm.internal.<unsafe-coerce> declared in kotlin.jvm.internal' type=androidx.compose.material3.FabPosition origin=null
          <T>: kotlin.Int
          <R>: androidx.compose.material3.FabPosition
          v: CONST Int type=kotlin.Int value=0
      containerColor: COMPOSITE type=androidx.compose.ui.graphics.Color origin=DEFAULT_VALUE
        CALL 'public final fun <unsafe-coerce> <T, R> (v: T of kotlin.jvm.internal.<unsafe-coerce>): R of kotlin.jvm.internal.<unsafe-coerce> declared in kotlin.jvm.internal' type=androidx.compose.ui.graphics.Color origin=null
          <T>: kotlin.Long
          <R>: androidx.compose.ui.graphics.Color
          v: CONST Long type=kotlin.Long value=0
      contentColor: COMPOSITE type=androidx.compose.ui.graphics.Color origin=DEFAULT_VALUE
        CALL 'public final fun <unsafe-coerce> <T, R> (v: T of kotlin.jvm.internal.<unsafe-coerce>): R of kotlin.jvm.internal.<unsafe-coerce> declared in kotlin.jvm.internal' type=androidx.compose.ui.graphics.Color origin=null
          <T>: kotlin.Long
          <R>: androidx.compose.ui.graphics.Color
          v: CONST Long type=kotlin.Long value=0
      contentWindowInsets: COMPOSITE type=androidx.compose.foundation.layout.WindowInsets? origin=DEFAULT_VALUE
        CONST Null type=androidx.compose.foundation.layout.WindowInsets? value=null
      content: BLOCK type=kotlin.Function1<androidx.compose.foundation.layout.PaddingValues, kotlin.Unit> origin=LAMBDA
        COMPOSITE type=kotlin.Unit origin=null
        CALL 'public final fun <jvm-indy> <T> (dynamicCall: T of kotlin.jvm.internal.<jvm-indy>, bootstrapMethodHandle: kotlin.Any, vararg bootstrapMethodArguments: kotlin.Any): T of kotlin.jvm.internal.<jvm-indy> declared in kotlin.jvm.internal' type=kotlin.Function1<androidx.compose.foundation.layout.PaddingValues, kotlin.Unit> origin=null
          <T>: kotlin.Function1<androidx.compose.foundation.layout.PaddingValues, kotlin.Unit>
          dynamicCall: CALL 'public final fun invoke (): kotlin.Function1<androidx.compose.foundation.layout.PaddingValues, kotlin.Unit> declared in kotlin.jvm.internal.invokeDynamic' type=kotlin.Function1<androidx.compose.foundation.layout.PaddingValues, kotlin.Unit> origin=null
          bootstrapMethodHandle: CALL 'public final fun <jvm-method-handle> (tag: kotlin.Int, owner: kotlin.String, name: kotlin.String, descriptor: kotlin.String, isInterface: kotlin.Boolean): kotlin.Any declared in kotlin.jvm.internal' type=kotlin.Any origin=null
            tag: CONST Int type=kotlin.Int value=6
            owner: CONST String type=kotlin.String value="java/lang/invoke/LambdaMetafactory"
            name: CONST String type=kotlin.String value="metafactory"
            descriptor: CONST String type=kotlin.String value="(Ljava/lang/invoke/MethodHandles$Lookup;Ljava/lang/String;Ljava/lang/invoke/MethodType;Ljava/lang/invoke/MethodType;Ljava/lang/invoke/MethodHandle;Ljava/lang/invoke/MethodType;)Ljava/lang/invoke/CallSite;"
            isInterface: CONST Boolean type=kotlin.Boolean value=false
          bootstrapMethodArguments: VARARG type=kotlin.Array<kotlin.Any> varargElementType=kotlin.Any
            CALL 'public final fun <jvm-original-method-type> (method: kotlin.Any): kotlin.Any declared in kotlin.jvm.internal' type=kotlin.Any origin=null
              method: RAW_FUNCTION_REFERENCE 'public abstract fun invoke (p1: P1 of kotlin.Function1): R of kotlin.Function1 [operator] declared in kotlin.Function1' type=kotlin.Any
            RAW_FUNCTION_REFERENCE 'private final fun ListScreen$lambda$4 (paddingValues: androidx.compose.foundation.layout.PaddingValues): kotlin.Unit? declared in id.haeworks.todo_list_presentation.ListScreenKt' type=kotlin.Any
            CALL 'public final fun <jvm-original-method-type> (method: kotlin.Any): kotlin.Any declared in kotlin.jvm.internal' type=kotlin.Any origin=null
              method: RAW_FUNCTION_REFERENCE 'public abstract fun invoke (p1: androidx.compose.foundation.layout.PaddingValues): kotlin.Unit? [fake_override,operator] declared in kotlin.jvm.internal.invokeDynamic.<fake>' type=kotlin.Any
      $mask0: CONST Int type=kotlin.Int value=511
      $handler: CONST Null type=kotlin.Any? value=null

	at org.jetbrains.kotlin.backend.jvm.codegen.FunctionCodegen.generate(FunctionCodegen.kt:47)
	at org.jetbrains.kotlin.backend.jvm.codegen.FunctionCodegen.generate$default(FunctionCodegen.kt:40)
	at org.jetbrains.kotlin.backend.jvm.codegen.ClassCodegen.generateMethodNode(ClassCodegen.kt:406)
	at org.jetbrains.kotlin.backend.jvm.codegen.ClassCodegen.generateMethod(ClassCodegen.kt:423)
	at org.jetbrains.kotlin.backend.jvm.codegen.ClassCodegen.generate(ClassCodegen.kt:168)
	at org.jetbrains.kotlin.backend.jvm.FileCodegen.lower(JvmPhases.kt:39)
	at org.jetbrains.kotlin.backend.common.phaser.PhaseFactoriesKt.createFilePhase$lambda$4(PhaseFactories.kt:71)
	at org.jetbrains.kotlin.backend.common.phaser.PhaseBuildersKt$createSimpleNamedCompilerPhase$1.phaseBody(PhaseBuilders.kt:69)
	at org.jetbrains.kotlin.backend.common.phaser.SimpleNamedCompilerPhase.phaseBody(CompilerPhase.kt:226)
	at org.jetbrains.kotlin.backend.common.phaser.AbstractNamedCompilerPhase.invoke(CompilerPhase.kt:113)
	at org.jetbrains.kotlin.backend.common.phaser.PerformByIrFilePhase.invokeSequential(performByIrFile.kt:62)
	... 44 more
Caused by: org.jetbrains.kotlin.codegen.CompilationException: Back-end (JVM) Internal error: Couldn't inline method call: CALL 'public final fun remember <T> (calculation: @[DisallowComposableCalls] kotlin.Function0<T of androidx.compose.runtime.ComposablesKt.remember>): T of androidx.compose.runtime.ComposablesKt.remember [inline] declared in androidx.compose.runtime.ComposablesKt' type=androidx.compose.material3.SnackbarHostState origin=null
Method: null
File is unknown
The root cause java.lang.IllegalStateException was thrown at: org.jetbrains.kotlin.codegen.inline.SourceCompilerForInlineKt.getMethodNode(SourceCompilerForInline.kt:118)
	at org.jetbrains.kotlin.codegen.inline.InlineCodegen.performInline(InlineCodegen.kt:65)
	at org.jetbrains.kotlin.backend.jvm.codegen.IrInlineCodegen.genInlineCall(IrInlineCodegen.kt:163)
	at org.jetbrains.kotlin.backend.jvm.codegen.IrInlineCallGenerator.genCall(IrInlineCallGenerator.kt:36)
	at org.jetbrains.kotlin.backend.jvm.codegen.ExpressionCodegen.visitCall(ExpressionCodegen.kt:653)
	at org.jetbrains.kotlin.backend.jvm.codegen.ExpressionCodegen.visitCall(ExpressionCodegen.kt:138)
	at org.jetbrains.kotlin.ir.expressions.IrCall.accept(IrCall.kt:24)
	at org.jetbrains.kotlin.backend.jvm.codegen.ExpressionCodegen.visitVariable(ExpressionCodegen.kt:790)
	at org.jetbrains.kotlin.backend.jvm.codegen.ExpressionCodegen.visitVariable(ExpressionCodegen.kt:138)
	at org.jetbrains.kotlin.ir.declarations.IrVariable.accept(IrVariable.kt:36)
	at org.jetbrains.kotlin.backend.jvm.codegen.ExpressionCodegen.visitStatementContainer(ExpressionCodegen.kt:579)
	at org.jetbrains.kotlin.backend.jvm.codegen.ExpressionCodegen.visitBlockBody(ExpressionCodegen.kt:584)
	at org.jetbrains.kotlin.backend.jvm.codegen.ExpressionCodegen.visitBlockBody(ExpressionCodegen.kt:138)
	at org.jetbrains.kotlin.ir.expressions.IrBlockBody.accept(IrBlockBody.kt:20)
	at org.jetbrains.kotlin.backend.jvm.codegen.ExpressionCodegen.generate(ExpressionCodegen.kt:240)
	at org.jetbrains.kotlin.backend.jvm.codegen.FunctionCodegen.doGenerate(FunctionCodegen.kt:123)
	at org.jetbrains.kotlin.backend.jvm.codegen.FunctionCodegen.generate(FunctionCodegen.kt:44)
	... 54 more
Caused by: java.lang.IllegalStateException: couldn't find inline method Landroidx/compose/runtime/ComposablesKt;.remember(Lkotlin/jvm/functions/Function0;)Ljava/lang/Object;
	at org.jetbrains.kotlin.codegen.inline.SourceCompilerForInlineKt.getMethodNode(SourceCompilerForInline.kt:118)
	at org.jetbrains.kotlin.codegen.inline.SourceCompilerForInlineKt.loadCompiledInlineFunction(SourceCompilerForInline.kt:96)
	at org.jetbrains.kotlin.backend.jvm.codegen.IrSourceCompilerForInline.compileInlineFunction(IrSourceCompilerForInline.kt:91)
	at org.jetbrains.kotlin.codegen.inline.InlineCodegen.compileInline(InlineCodegen.kt:43)
	at org.jetbrains.kotlin.codegen.inline.InlineCodegen.performInline(InlineCodegen.kt:51)
	... 69 more


